TN:
SF:/Users/daivymerlijs/Documents/Formation_node_udemy/node-chat-app/server/utils/message.js
FN:3,(anonymous_0)
FN:11,(anonymous_1)
FNF:2
FNH:2
FNDA:1,(anonymous_0)
FNDA:1,(anonymous_1)
DA:1,1
DA:3,1
DA:4,1
DA:11,1
DA:13,1
DA:21,1
LF:6
LH:6
BRF:0
BRH:0
end_of_record
TN:
SF:/Users/daivymerlijs/Documents/Formation_node_udemy/node-chat-app/server/utils/users.js
FN:2,(anonymous_0)
FN:6,(anonymous_1)
FNF:2
FNH:2
FNDA:1,(anonymous_0)
FNDA:1,(anonymous_1)
DA:3,1
DA:7,1
DA:8,1
DA:9,1
DA:16,1
LF:5
LH:5
BRF:0
BRH:0
end_of_record
TN:
SF:/Users/daivymerlijs/Documents/Formation_node_udemy/node-chat-app/server/utils/validation.js
FN:1,(anonymous_0)
FNF:1
FNH:1
FNDA:3,(anonymous_0)
DA:1,1
DA:3,3
DA:7,1
LF:3
LH:3
BRDA:3,0,0,3
BRDA:3,0,1,2
BRF:2
BRH:2
end_of_record
